<?xml version="1.0" encoding="UTF-8"?>
<coverage generated="1642516591388" clover="3.2.0">
  <project timestamp="1642516591388" name="All files">
    <metrics statements="82" coveredstatements="82" conditionals="33" coveredconditionals="32" methods="19" coveredmethods="19" elements="134" coveredelements="133" complexity="0" loc="82" ncloc="82" packages="5" files="8" classes="8"/>
    <package name="components.Grid">
      <metrics statements="30" coveredstatements="30" conditionals="12" coveredconditionals="11" methods="7" coveredmethods="7"/>
      <file name="Cell.tsx" path="E:\WEB\ReactCourses\minesweeper-react\src\components\Grid\Cell.tsx">
        <metrics statements="30" coveredstatements="30" conditionals="12" coveredconditionals="11" methods="7" coveredmethods="7"/>
        <line num="15" count="1" type="stmt"/>
        <line num="16" count="39" type="stmt"/>
        <line num="18" count="1" type="stmt"/>
        <line num="19" count="26" type="stmt"/>
        <line num="21" count="26" type="stmt"/>
        <line num="23" count="26" type="stmt"/>
        <line num="24" count="26" type="stmt"/>
        <line num="26" count="26" type="cond" truecount="2" falsecount="0"/>
        <line num="27" count="6" type="stmt"/>
        <line num="31" count="26" type="stmt"/>
        <line num="41" count="26" type="stmt"/>
        <line num="44" count="1" type="stmt"/>
        <line num="57" count="1" type="stmt"/>
        <line num="58" count="26" type="stmt"/>
        <line num="63" count="26" type="cond" truecount="5" falsecount="0"/>
        <line num="65" count="2" type="stmt"/>
        <line num="71" count="2" type="stmt"/>
        <line num="73" count="2" type="stmt"/>
        <line num="79" count="2" type="stmt"/>
        <line num="85" count="18" type="stmt"/>
        <line num="93" count="1" type="stmt"/>
        <line num="105" count="26" type="cond" truecount="1" falsecount="1"/>
        <line num="111" count="1" type="stmt"/>
        <line num="112" count="1" type="stmt"/>
        <line num="128" count="1" type="stmt"/>
        <line num="131" count="20" type="cond" truecount="2" falsecount="0"/>
        <line num="137" count="1" type="stmt"/>
        <line num="144" count="1" type="stmt"/>
        <line num="148" count="1" type="stmt"/>
        <line num="156" count="1" type="stmt"/>
      </file>
    </package>
    <package name="components.Scoreboard">
      <metrics statements="5" coveredstatements="5" conditionals="2" coveredconditionals="2" methods="1" coveredmethods="1"/>
      <file name="Reset.tsx" path="E:\WEB\ReactCourses\minesweeper-react\src\components\Scoreboard\Reset.tsx">
        <metrics statements="5" coveredstatements="5" conditionals="2" coveredconditionals="2" methods="1" coveredmethods="1"/>
        <line num="10" count="1" type="stmt"/>
        <line num="11" count="8" type="stmt"/>
        <line num="13" count="8" type="stmt"/>
        <line num="25" count="1" type="stmt"/>
        <line num="27" count="1" type="stmt"/>
      </file>
    </package>
    <package name="components.Top">
      <metrics statements="11" coveredstatements="11" conditionals="2" coveredconditionals="2" methods="2" coveredmethods="2"/>
      <file name="GameName.tsx" path="E:\WEB\ReactCourses\minesweeper-react\src\components\Top\GameName.tsx">
        <metrics statements="1" coveredstatements="1" conditionals="0" coveredconditionals="0" methods="0" coveredmethods="0"/>
        <line num="7" count="2" type="stmt"/>
      </file>
      <file name="Legend.tsx" path="E:\WEB\ReactCourses\minesweeper-react\src\components\Top\Legend.tsx">
        <metrics statements="6" coveredstatements="6" conditionals="2" coveredconditionals="2" methods="1" coveredmethods="1"/>
        <line num="10" count="2" type="stmt"/>
        <line num="15" count="2" type="stmt"/>
        <line num="24" count="2" type="stmt"/>
        <line num="27" count="2" type="stmt"/>
        <line num="33" count="2" type="stmt"/>
        <line num="37" count="2" type="stmt"/>
      </file>
      <file name="Top.tsx" path="E:\WEB\ReactCourses\minesweeper-react\src\components\Top\Top.tsx">
        <metrics statements="4" coveredstatements="4" conditionals="0" coveredconditionals="0" methods="1" coveredmethods="1"/>
        <line num="9" count="1" type="stmt"/>
        <line num="11" count="1" type="stmt"/>
        <line num="18" count="1" type="stmt"/>
        <line num="20" count="1" type="stmt"/>
      </file>
    </package>
    <package name="components.hooks">
      <metrics statements="5" coveredstatements="5" conditionals="0" coveredconditionals="0" methods="3" coveredmethods="3"/>
      <file name="useMouseDown.ts" path="E:\WEB\ReactCourses\minesweeper-react\src\components\hooks\useMouseDown.ts">
        <metrics statements="5" coveredstatements="5" conditionals="0" coveredconditionals="0" methods="3" coveredmethods="3"/>
        <line num="6" count="3" type="stmt"/>
        <line num="11" count="38" type="stmt"/>
        <line num="13" count="38" type="stmt"/>
        <line num="14" count="38" type="stmt"/>
        <line num="16" count="38" type="stmt"/>
      </file>
    </package>
    <package name="core">
      <metrics statements="31" coveredstatements="31" conditionals="17" coveredconditionals="17" methods="6" coveredmethods="6"/>
      <file name="CellsManipulator.ts" path="E:\WEB\ReactCourses\minesweeper-react\src\core\CellsManipulator.ts">
        <metrics statements="12" coveredstatements="12" conditionals="8" coveredconditionals="8" methods="3" coveredmethods="3"/>
        <line num="3" count="3" type="stmt"/>
        <line num="6" count="42" type="stmt"/>
        <line num="17" count="3" type="stmt"/>
        <line num="18" count="327" type="cond" truecount="4" falsecount="0"/>
        <line num="20" count="3" type="stmt"/>
        <line num="21" count="40" type="stmt"/>
        <line num="23" count="40" type="stmt"/>
        <line num="24" count="320" type="cond" truecount="2" falsecount="0"/>
        <line num="25" count="228" type="stmt"/>
        <line num="26" count="228" type="cond" truecount="2" falsecount="0"/>
        <line num="27" count="195" type="stmt"/>
        <line num="32" count="40" type="stmt"/>
      </file>
      <file name="Field.ts" path="E:\WEB\ReactCourses\minesweeper-react\src\core\Field.ts">
        <metrics statements="19" coveredstatements="19" conditionals="9" coveredconditionals="9" methods="3" coveredmethods="3"/>
        <line num="7" count="3" type="stmt"/>
        <line num="15" count="3" type="stmt"/>
        <line num="18" count="34" type="stmt"/>
        <line num="20" count="3" type="stmt"/>
        <line num="21" count="8" type="cond" truecount="4" falsecount="0"/>
        <line num="22" count="2" type="stmt"/>
        <line num="25" count="6" type="stmt"/>
        <line num="26" count="6" type="stmt"/>
        <line num="28" count="6" type="stmt"/>
        <line num="30" count="6" type="stmt"/>
        <line num="31" count="17" type="stmt"/>
        <line num="32" count="111" type="cond" truecount="2" falsecount="0"/>
        <line num="33" count="2" type="stmt"/>
        <line num="35" count="109" type="cond" truecount="2" falsecount="0"/>
        <line num="36" count="32" type="stmt"/>
        <line num="37" count="32" type="stmt"/>
        <line num="38" count="32" type="stmt"/>
        <line num="40" count="109" type="stmt"/>
        <line num="44" count="4" type="stmt"/>
      </file>
    </package>
  </project>
</coverage>
