{"E:\\WEB\\ReactCourses\\minesweeper-react\\src\\components\\Grid\\Cell.tsx": {"path":"E:\\WEB\\ReactCourses\\minesweeper-react\\src\\components\\Grid\\Cell.tsx","statementMap":{"0":{"start":{"line":15,"column":28},"end":{"line":16,"column":71}},"1":{"start":{"line":16,"column":2},"end":{"line":16,"column":71}},"2":{"start":{"line":18,"column":35},"end":{"line":42,"column":1}},"3":{"start":{"line":19,"column":46},"end":{"line":19,"column":60}},"4":{"start":{"line":21,"column":18},"end":{"line":21,"column":44}},"5":{"start":{"line":21,"column":24},"end":{"line":21,"column":44}},"6":{"start":{"line":23,"column":24},"end":{"line":29,"column":3}},"7":{"start":{"line":24,"column":4},"end":{"line":24,"column":27}},"8":{"start":{"line":26,"column":4},"end":{"line":28,"column":5}},"9":{"start":{"line":27,"column":6},"end":{"line":27,"column":33}},"10":{"start":{"line":31,"column":16},"end":{"line":39,"column":3}},"11":{"start":{"line":41,"column":2},"end":{"line":41,"column":62}},"12":{"start":{"line":44,"column":0},"end":{"line":44,"column":26}},"13":{"start":{"line":57,"column":46},"end":{"line":87,"column":1}},"14":{"start":{"line":58,"column":29},"end":{"line":61,"column":3}},"15":{"start":{"line":63,"column":2},"end":{"line":86,"column":3}},"16":{"start":{"line":65,"column":6},"end":{"line":69,"column":8}},"17":{"start":{"line":71,"column":6},"end":{"line":71,"column":61}},"18":{"start":{"line":73,"column":6},"end":{"line":77,"column":8}},"19":{"start":{"line":79,"column":6},"end":{"line":83,"column":8}},"20":{"start":{"line":85,"column":6},"end":{"line":85,"column":79}},"21":{"start":{"line":93,"column":27},"end":{"line":109,"column":1}},"22":{"start":{"line":105,"column":4},"end":{"line":105,"column":61}},"23":{"start":{"line":111,"column":20},"end":{"line":111,"column":35}},"24":{"start":{"line":112,"column":46},"end":{"line":126,"column":1}},"25":{"start":{"line":128,"column":22},"end":{"line":135,"column":1}},"26":{"start":{"line":131,"column":29},"end":{"line":131,"column":72}},"27":{"start":{"line":137,"column":13},"end":{"line":142,"column":1}},"28":{"start":{"line":144,"column":18},"end":{"line":146,"column":1}},"29":{"start":{"line":148,"column":13},"end":{"line":154,"column":1}},"30":{"start":{"line":156,"column":17},"end":{"line":158,"column":1}}},"fnMap":{"0":{"name":"(anonymous_0)","decl":{"start":{"line":15,"column":28},"end":{"line":15,"column":29}},"loc":{"start":{"line":16,"column":2},"end":{"line":16,"column":71}},"line":16},"1":{"name":"(anonymous_1)","decl":{"start":{"line":18,"column":35},"end":{"line":18,"column":36}},"loc":{"start":{"line":18,"column":70},"end":{"line":42,"column":1}},"line":18},"2":{"name":"(anonymous_2)","decl":{"start":{"line":21,"column":18},"end":{"line":21,"column":19}},"loc":{"start":{"line":21,"column":24},"end":{"line":21,"column":44}},"line":21},"3":{"name":"(anonymous_3)","decl":{"start":{"line":23,"column":24},"end":{"line":23,"column":25}},"loc":{"start":{"line":23,"column":69},"end":{"line":29,"column":3}},"line":23},"4":{"name":"(anonymous_4)","decl":{"start":{"line":57,"column":46},"end":{"line":57,"column":47}},"loc":{"start":{"line":57,"column":73},"end":{"line":87,"column":1}},"line":57},"5":{"name":"(anonymous_5)","decl":{"start":{"line":104,"column":18},"end":{"line":104,"column":19}},"loc":{"start":{"line":105,"column":4},"end":{"line":105,"column":61}},"line":105},"6":{"name":"(anonymous_6)","decl":{"start":{"line":131,"column":11},"end":{"line":131,"column":12}},"loc":{"start":{"line":131,"column":29},"end":{"line":131,"column":72}},"line":131}},"branchMap":{"0":{"loc":{"start":{"line":26,"column":4},"end":{"line":28,"column":5}},"type":"if","locations":[{"start":{"line":26,"column":4},"end":{"line":28,"column":5}},{"start":{},"end":{}}],"line":26},"1":{"loc":{"start":{"line":63,"column":2},"end":{"line":86,"column":3}},"type":"switch","locations":[{"start":{"line":64,"column":4},"end":{"line":69,"column":8}},{"start":{"line":70,"column":4},"end":{"line":71,"column":61}},{"start":{"line":72,"column":4},"end":{"line":77,"column":8}},{"start":{"line":78,"column":4},"end":{"line":83,"column":8}},{"start":{"line":84,"column":4},"end":{"line":85,"column":79}}],"line":63},"2":{"loc":{"start":{"line":104,"column":21},"end":{"line":104,"column":38}},"type":"default-arg","locations":[{"start":{"line":104,"column":33},"end":{"line":104,"column":38}}],"line":104},"3":{"loc":{"start":{"line":105,"column":4},"end":{"line":105,"column":61}},"type":"cond-expr","locations":[{"start":{"line":105,"column":16},"end":{"line":105,"column":29}},{"start":{"line":105,"column":32},"end":{"line":105,"column":61}}],"line":105},"4":{"loc":{"start":{"line":131,"column":29},"end":{"line":131,"column":72}},"type":"binary-expr","locations":[{"start":{"line":131,"column":29},"end":{"line":131,"column":57}},{"start":{"line":131,"column":61},"end":{"line":131,"column":72}}],"line":131}},"s":{"0":1,"1":39,"2":1,"3":39,"4":39,"5":3,"6":39,"7":26,"8":26,"9":6,"10":39,"11":39,"12":1,"13":1,"14":39,"15":39,"16":3,"17":3,"18":3,"19":3,"20":27,"21":1,"22":52,"23":1,"24":1,"25":1,"26":30,"27":1,"28":1,"29":1,"30":1},"f":{"0":39,"1":39,"2":3,"3":26,"4":39,"5":52,"6":30},"b":{"0":[6,20],"1":[3,3,3,3,27],"2":[30],"3":[13,39],"4":[30,3]},"_coverageSchema":"1a1c01bbd47fc00a2c39e90264f33305004495a9","hash":"29978204953aaeb4f49f2383aaa7de96ecf6f77f"}
,"E:\\WEB\\ReactCourses\\minesweeper-react\\src\\components\\Scoreboard\\Counter.tsx": {"path":"E:\\WEB\\ReactCourses\\minesweeper-react\\src\\components\\Scoreboard\\Counter.tsx","statementMap":{"0":{"start":{"line":8,"column":41},"end":{"line":10,"column":2}},"1":{"start":{"line":9,"column":2},"end":{"line":9,"column":27}},"2":{"start":{"line":12,"column":0},"end":{"line":12,"column":32}},"3":{"start":{"line":14,"column":14},"end":{"line":23,"column":1}}},"fnMap":{"0":{"name":"(anonymous_0)","decl":{"start":{"line":8,"column":46},"end":{"line":8,"column":47}},"loc":{"start":{"line":9,"column":2},"end":{"line":9,"column":27}},"line":9}},"branchMap":{},"s":{"0":2,"1":5,"2":2,"3":2},"f":{"0":5},"b":{},"_coverageSchema":"1a1c01bbd47fc00a2c39e90264f33305004495a9","hash":"f7275759af65a702a8e94eff27868cde0a346e72"}
,"E:\\WEB\\ReactCourses\\minesweeper-react\\src\\components\\Scoreboard\\Level.tsx": {"path":"E:\\WEB\\ReactCourses\\minesweeper-react\\src\\components\\Scoreboard\\Level.tsx","statementMap":{"0":{"start":{"line":10,"column":37},"end":{"line":18,"column":2}},"1":{"start":{"line":11,"column":2},"end":{"line":17,"column":11}},"2":{"start":{"line":13,"column":6},"end":{"line":15,"column":15}},"3":{"start":{"line":20,"column":0},"end":{"line":20,"column":28}},"4":{"start":{"line":22,"column":15},"end":{"line":29,"column":1}},"5":{"start":{"line":31,"column":15},"end":{"line":37,"column":1}}},"fnMap":{"0":{"name":"(anonymous_0)","decl":{"start":{"line":10,"column":42},"end":{"line":10,"column":43}},"loc":{"start":{"line":11,"column":2},"end":{"line":17,"column":11}},"line":11},"1":{"name":"(anonymous_1)","decl":{"start":{"line":12,"column":18},"end":{"line":12,"column":19}},"loc":{"start":{"line":13,"column":6},"end":{"line":15,"column":15}},"line":13}},"branchMap":{},"s":{"0":2,"1":4,"2":12,"3":2,"4":2,"5":2},"f":{"0":4,"1":12},"b":{},"_coverageSchema":"1a1c01bbd47fc00a2c39e90264f33305004495a9","hash":"2518bd6525aebc085fca18c5458a40d7cbbd9eaf"}
,"E:\\WEB\\ReactCourses\\minesweeper-react\\src\\components\\Scoreboard\\Reset.tsx": {"path":"E:\\WEB\\ReactCourses\\minesweeper-react\\src\\components\\Scoreboard\\Reset.tsx","statementMap":{"0":{"start":{"line":10,"column":37},"end":{"line":23,"column":2}},"1":{"start":{"line":11,"column":46},"end":{"line":11,"column":60}},"2":{"start":{"line":13,"column":2},"end":{"line":22,"column":4}},"3":{"start":{"line":25,"column":0},"end":{"line":25,"column":28}},"4":{"start":{"line":27,"column":15},"end":{"line":36,"column":1}}},"fnMap":{"0":{"name":"(anonymous_0)","decl":{"start":{"line":10,"column":42},"end":{"line":10,"column":43}},"loc":{"start":{"line":10,"column":59},"end":{"line":23,"column":1}},"line":10}},"branchMap":{"0":{"loc":{"start":{"line":20,"column":7},"end":{"line":20,"column":30}},"type":"cond-expr","locations":[{"start":{"line":20,"column":19},"end":{"line":20,"column":23}},{"start":{"line":20,"column":26},"end":{"line":20,"column":30}}],"line":20}},"s":{"0":2,"1":10,"2":10,"3":2,"4":2},"f":{"0":10},"b":{"0":[2,8]},"_coverageSchema":"1a1c01bbd47fc00a2c39e90264f33305004495a9","hash":"cd13f9e080ba89fd079a8b9b9ad9b22fa2672abf"}
,"E:\\WEB\\ReactCourses\\minesweeper-react\\src\\components\\Scoreboard\\Scoreboard.tsx": {"path":"E:\\WEB\\ReactCourses\\minesweeper-react\\src\\components\\Scoreboard\\Scoreboard.tsx","statementMap":{"0":{"start":{"line":17,"column":47},"end":{"line":35,"column":1}},"1":{"start":{"line":25,"column":2},"end":{"line":34,"column":12}},"2":{"start":{"line":37,"column":16},"end":{"line":41,"column":1}}},"fnMap":{"0":{"name":"(anonymous_0)","decl":{"start":{"line":17,"column":47},"end":{"line":17,"column":48}},"loc":{"start":{"line":25,"column":2},"end":{"line":34,"column":12}},"line":25}},"branchMap":{},"s":{"0":1,"1":2,"2":1},"f":{"0":2},"b":{},"_coverageSchema":"1a1c01bbd47fc00a2c39e90264f33305004495a9","hash":"99fa722fbdd6155dfee316cf692621aa57473abb"}
,"E:\\WEB\\ReactCourses\\minesweeper-react\\src\\components\\Top\\GameName.tsx": {"path":"E:\\WEB\\ReactCourses\\minesweeper-react\\src\\components\\Top\\GameName.tsx","statementMap":{"0":{"start":{"line":7,"column":24},"end":{"line":9,"column":1}}},"fnMap":{},"branchMap":{},"s":{"0":2},"f":{},"b":{},"_coverageSchema":"1a1c01bbd47fc00a2c39e90264f33305004495a9","hash":"a368f0df7f1e28b33471c166a4f954885e52be26"}
,"E:\\WEB\\ReactCourses\\minesweeper-react\\src\\components\\Top\\Legend.tsx": {"path":"E:\\WEB\\ReactCourses\\minesweeper-react\\src\\components\\Top\\Legend.tsx","statementMap":{"0":{"start":{"line":10,"column":39},"end":{"line":22,"column":1}},"1":{"start":{"line":15,"column":2},"end":{"line":21,"column":11}},"2":{"start":{"line":24,"column":24},"end":{"line":26,"column":1}},"3":{"start":{"line":27,"column":15},"end":{"line":31,"column":1}},"4":{"start":{"line":33,"column":20},"end":{"line":35,"column":1}},"5":{"start":{"line":37,"column":21},"end":{"line":39,"column":1}}},"fnMap":{"0":{"name":"(anonymous_0)","decl":{"start":{"line":10,"column":39},"end":{"line":10,"column":40}},"loc":{"start":{"line":15,"column":2},"end":{"line":21,"column":11}},"line":15}},"branchMap":{"0":{"loc":{"start":{"line":19,"column":7},"end":{"line":19,"column":69}},"type":"binary-expr","locations":[{"start":{"line":19,"column":7},"end":{"line":19,"column":19}},{"start":{"line":19,"column":23},"end":{"line":19,"column":69}}],"line":19}},"s":{"0":2,"1":2,"2":2,"3":2,"4":2,"5":2},"f":{"0":2},"b":{"0":[2,2]},"_coverageSchema":"1a1c01bbd47fc00a2c39e90264f33305004495a9","hash":"9ece2b05f70a85969a08ce4ac146a6f80b3f77fc"}
,"E:\\WEB\\ReactCourses\\minesweeper-react\\src\\components\\Top\\Top.tsx": {"path":"E:\\WEB\\ReactCourses\\minesweeper-react\\src\\components\\Top\\Top.tsx","statementMap":{"0":{"start":{"line":9,"column":41},"end":{"line":16,"column":1}},"1":{"start":{"line":11,"column":4},"end":{"line":14,"column":13}},"2":{"start":{"line":18,"column":0},"end":{"line":18,"column":24}},"3":{"start":{"line":20,"column":15},"end":{"line":24,"column":1}}},"fnMap":{"0":{"name":"(anonymous_0)","decl":{"start":{"line":10,"column":2},"end":{"line":10,"column":3}},"loc":{"start":{"line":11,"column":4},"end":{"line":14,"column":13}},"line":11}},"branchMap":{},"s":{"0":1,"1":1,"2":1,"3":1},"f":{"0":1},"b":{},"_coverageSchema":"1a1c01bbd47fc00a2c39e90264f33305004495a9","hash":"8ef24acf49279b4a3dba196d701efc5be8f4a0bd"}
,"E:\\WEB\\ReactCourses\\minesweeper-react\\src\\components\\hooks\\useMouseDown.ts": {"path":"E:\\WEB\\ReactCourses\\minesweeper-react\\src\\components\\hooks\\useMouseDown.ts","statementMap":{"0":{"start":{"line":6,"column":28},"end":{"line":17,"column":1}},"1":{"start":{"line":11,"column":36},"end":{"line":11,"column":51}},"2":{"start":{"line":13,"column":22},"end":{"line":13,"column":63}},"3":{"start":{"line":13,"column":40},"end":{"line":13,"column":58}},"4":{"start":{"line":14,"column":20},"end":{"line":14,"column":62}},"5":{"start":{"line":14,"column":38},"end":{"line":14,"column":57}},"6":{"start":{"line":16,"column":2},"end":{"line":16,"column":45}}},"fnMap":{"0":{"name":"(anonymous_0)","decl":{"start":{"line":6,"column":28},"end":{"line":6,"column":29}},"loc":{"start":{"line":10,"column":5},"end":{"line":17,"column":1}},"line":10},"1":{"name":"(anonymous_1)","decl":{"start":{"line":13,"column":34},"end":{"line":13,"column":35}},"loc":{"start":{"line":13,"column":40},"end":{"line":13,"column":58}},"line":13},"2":{"name":"(anonymous_2)","decl":{"start":{"line":14,"column":32},"end":{"line":14,"column":33}},"loc":{"start":{"line":14,"column":38},"end":{"line":14,"column":57}},"line":14}},"branchMap":{},"s":{"0":4,"1":53,"2":53,"3":4,"4":53,"5":3,"6":53},"f":{"0":53,"1":4,"2":3},"b":{},"_coverageSchema":"1a1c01bbd47fc00a2c39e90264f33305004495a9","hash":"8c914e88fb9bd9f750dd7d39bed929f1455e51af"}
,"E:\\WEB\\ReactCourses\\minesweeper-react\\src\\core\\CellsManipulator.ts": {"path":"E:\\WEB\\ReactCourses\\minesweeper-react\\src\\core\\CellsManipulator.ts","statementMap":{"0":{"start":{"line":3,"column":33},"end":{"line":15,"column":2}},"1":{"start":{"line":6,"column":6},"end":{"line":15,"column":1}},"2":{"start":{"line":17,"column":32},"end":{"line":18,"column":54}},"3":{"start":{"line":18,"column":2},"end":{"line":18,"column":54}},"4":{"start":{"line":20,"column":34},"end":{"line":33,"column":1}},"5":{"start":{"line":21,"column":16},"end":{"line":21,"column":41}},"6":{"start":{"line":23,"column":2},"end":{"line":30,"column":3}},"7":{"start":{"line":24,"column":4},"end":{"line":29,"column":5}},"8":{"start":{"line":25,"column":19},"end":{"line":25,"column":30}},"9":{"start":{"line":26,"column":6},"end":{"line":28,"column":7}},"10":{"start":{"line":27,"column":8},"end":{"line":27,"column":41}},"11":{"start":{"line":32,"column":2},"end":{"line":32,"column":15}}},"fnMap":{"0":{"name":"(anonymous_0)","decl":{"start":{"line":3,"column":33},"end":{"line":3,"column":34}},"loc":{"start":{"line":6,"column":6},"end":{"line":15,"column":1}},"line":6},"1":{"name":"(anonymous_1)","decl":{"start":{"line":17,"column":32},"end":{"line":17,"column":33}},"loc":{"start":{"line":18,"column":2},"end":{"line":18,"column":54}},"line":18},"2":{"name":"(anonymous_2)","decl":{"start":{"line":20,"column":34},"end":{"line":20,"column":35}},"loc":{"start":{"line":20,"column":75},"end":{"line":33,"column":1}},"line":20}},"branchMap":{"0":{"loc":{"start":{"line":18,"column":2},"end":{"line":18,"column":54}},"type":"binary-expr","locations":[{"start":{"line":18,"column":2},"end":{"line":18,"column":8}},{"start":{"line":18,"column":12},"end":{"line":18,"column":18}},{"start":{"line":18,"column":22},"end":{"line":18,"column":36}},{"start":{"line":18,"column":40},"end":{"line":18,"column":54}}],"line":18},"1":{"loc":{"start":{"line":24,"column":4},"end":{"line":29,"column":5}},"type":"if","locations":[{"start":{"line":24,"column":4},"end":{"line":29,"column":5}},{"start":{},"end":{}}],"line":24},"2":{"loc":{"start":{"line":26,"column":6},"end":{"line":28,"column":7}},"type":"if","locations":[{"start":{"line":26,"column":6},"end":{"line":28,"column":7}},{"start":{},"end":{}}],"line":26}},"s":{"0":3,"1":42,"2":3,"3":327,"4":3,"5":40,"6":40,"7":320,"8":237,"9":237,"10":197,"11":40},"f":{"0":42,"1":327,"2":40},"b":{"0":[327,293,264,248],"1":[237,83],"2":[197,40]},"_coverageSchema":"1a1c01bbd47fc00a2c39e90264f33305004495a9","hash":"1e1982a7188b963f86e6d1421c92ce3291bb4bca"}
,"E:\\WEB\\ReactCourses\\minesweeper-react\\src\\core\\Field.ts": {"path":"E:\\WEB\\ReactCourses\\minesweeper-react\\src\\core\\Field.ts","statementMap":{"0":{"start":{"line":7,"column":47},"end":{"line":13,"column":1}},"1":{"start":{"line":15,"column":45},"end":{"line":18,"column":77}},"2":{"start":{"line":18,"column":12},"end":{"line":18,"column":77}},"3":{"start":{"line":18,"column":49},"end":{"line":18,"column":76}},"4":{"start":{"line":20,"column":30},"end":{"line":45,"column":1}},"5":{"start":{"line":21,"column":2},"end":{"line":23,"column":3}},"6":{"start":{"line":22,"column":4},"end":{"line":22,"column":59}},"7":{"start":{"line":25,"column":25},"end":{"line":25,"column":36}},"8":{"start":{"line":26,"column":27},"end":{"line":26,"column":57}},"9":{"start":{"line":28,"column":24},"end":{"line":28,"column":59}},"10":{"start":{"line":30,"column":2},"end":{"line":42,"column":3}},"11":{"start":{"line":30,"column":15},"end":{"line":30,"column":16}},"12":{"start":{"line":31,"column":4},"end":{"line":41,"column":5}},"13":{"start":{"line":31,"column":17},"end":{"line":31,"column":18}},"14":{"start":{"line":32,"column":6},"end":{"line":34,"column":7}},"15":{"start":{"line":33,"column":8},"end":{"line":33,"column":22}},"16":{"start":{"line":35,"column":6},"end":{"line":39,"column":7}},"17":{"start":{"line":36,"column":8},"end":{"line":36,"column":38}},"18":{"start":{"line":37,"column":8},"end":{"line":37,"column":43}},"19":{"start":{"line":38,"column":8},"end":{"line":38,"column":29}},"20":{"start":{"line":40,"column":6},"end":{"line":40,"column":25}},"21":{"start":{"line":44,"column":2},"end":{"line":44,"column":16}}},"fnMap":{"0":{"name":"(anonymous_0)","decl":{"start":{"line":15,"column":45},"end":{"line":15,"column":46}},"loc":{"start":{"line":18,"column":12},"end":{"line":18,"column":77}},"line":18},"1":{"name":"(anonymous_1)","decl":{"start":{"line":18,"column":43},"end":{"line":18,"column":44}},"loc":{"start":{"line":18,"column":49},"end":{"line":18,"column":76}},"line":18},"2":{"name":"(anonymous_2)","decl":{"start":{"line":20,"column":30},"end":{"line":20,"column":31}},"loc":{"start":{"line":20,"column":76},"end":{"line":45,"column":1}},"line":20}},"branchMap":{"0":{"loc":{"start":{"line":17,"column":2},"end":{"line":17,"column":31}},"type":"default-arg","locations":[{"start":{"line":17,"column":16},"end":{"line":17,"column":31}}],"line":17},"1":{"loc":{"start":{"line":21,"column":2},"end":{"line":23,"column":3}},"type":"if","locations":[{"start":{"line":21,"column":2},"end":{"line":23,"column":3}},{"start":{},"end":{}}],"line":21},"2":{"loc":{"start":{"line":21,"column":6},"end":{"line":21,"column":40}},"type":"binary-expr","locations":[{"start":{"line":21,"column":6},"end":{"line":21,"column":21}},{"start":{"line":21,"column":25},"end":{"line":21,"column":40}}],"line":21},"3":{"loc":{"start":{"line":32,"column":6},"end":{"line":34,"column":7}},"type":"if","locations":[{"start":{"line":32,"column":6},"end":{"line":34,"column":7}},{"start":{},"end":{}}],"line":32},"4":{"loc":{"start":{"line":35,"column":6},"end":{"line":39,"column":7}},"type":"if","locations":[{"start":{"line":35,"column":6},"end":{"line":39,"column":7}},{"start":{},"end":{}}],"line":35}},"s":{"0":3,"1":3,"2":9,"3":34,"4":3,"5":8,"6":2,"7":6,"8":6,"9":6,"10":6,"11":6,"12":17,"13":17,"14":106,"15":4,"16":102,"17":32,"18":32,"19":32,"20":102,"21":2},"f":{"0":9,"1":34,"2":8},"b":{"0":[8],"1":[2,6],"2":[8,7],"3":[4,102],"4":[32,70]},"_coverageSchema":"1a1c01bbd47fc00a2c39e90264f33305004495a9","hash":"7c1c4ca50d5d2bb0ced90eb756cbe4d603abe3fd"}
}
