TN:
SF:src\components\Grid\Cell.tsx
FN:15,(anonymous_0)
FN:18,(anonymous_1)
FN:21,(anonymous_2)
FN:23,(anonymous_3)
FN:57,(anonymous_4)
FN:104,(anonymous_5)
FN:131,(anonymous_6)
FNF:7
FNH:7
FNDA:39,(anonymous_0)
FNDA:26,(anonymous_1)
FNDA:3,(anonymous_2)
FNDA:26,(anonymous_3)
FNDA:26,(anonymous_4)
FNDA:26,(anonymous_5)
FNDA:20,(anonymous_6)
DA:15,1
DA:16,39
DA:18,1
DA:19,26
DA:21,26
DA:23,26
DA:24,26
DA:26,26
DA:27,6
DA:31,26
DA:41,26
DA:44,1
DA:57,1
DA:58,26
DA:63,26
DA:65,2
DA:71,2
DA:73,2
DA:79,2
DA:85,18
DA:93,1
DA:105,26
DA:111,1
DA:112,1
DA:128,1
DA:131,20
DA:137,1
DA:144,1
DA:148,1
DA:156,1
LF:30
LH:30
BRDA:26,0,0,6
BRDA:26,0,1,20
BRDA:63,1,0,2
BRDA:63,1,1,2
BRDA:63,1,2,2
BRDA:63,1,3,2
BRDA:63,1,4,18
BRDA:104,2,0,20
BRDA:105,3,0,0
BRDA:105,3,1,26
BRDA:131,4,0,20
BRDA:131,4,1,2
BRF:12
BRH:11
end_of_record
TN:
SF:src\components\Scoreboard\Reset.tsx
FN:10,(anonymous_0)
FNF:1
FNH:1
FNDA:8,(anonymous_0)
DA:10,1
DA:11,8
DA:13,8
DA:25,1
DA:27,1
LF:5
LH:5
BRDA:20,0,0,2
BRDA:20,0,1,6
BRF:2
BRH:2
end_of_record
TN:
SF:src\components\Top\GameName.tsx
FNF:0
FNH:0
DA:7,2
LF:1
LH:1
BRF:0
BRH:0
end_of_record
TN:
SF:src\components\Top\Legend.tsx
FN:10,(anonymous_0)
FNF:1
FNH:1
FNDA:2,(anonymous_0)
DA:10,2
DA:15,2
DA:24,2
DA:27,2
DA:33,2
DA:37,2
LF:6
LH:6
BRDA:19,0,0,2
BRDA:19,0,1,2
BRF:2
BRH:2
end_of_record
TN:
SF:src\components\Top\Top.tsx
FN:10,(anonymous_0)
FNF:1
FNH:1
FNDA:1,(anonymous_0)
DA:9,1
DA:11,1
DA:18,1
DA:20,1
LF:4
LH:4
BRF:0
BRH:0
end_of_record
TN:
SF:src\components\hooks\useMouseDown.ts
FN:6,(anonymous_0)
FN:13,(anonymous_1)
FN:14,(anonymous_2)
FNF:3
FNH:3
FNDA:38,(anonymous_0)
FNDA:4,(anonymous_1)
FNDA:3,(anonymous_2)
DA:6,3
DA:11,38
DA:13,38
DA:14,38
DA:16,38
LF:5
LH:5
BRF:0
BRH:0
end_of_record
TN:
SF:src\core\CellsManipulator.ts
FN:3,(anonymous_0)
FN:17,(anonymous_1)
FN:20,(anonymous_2)
FNF:3
FNH:3
FNDA:42,(anonymous_0)
FNDA:327,(anonymous_1)
FNDA:40,(anonymous_2)
DA:3,3
DA:6,42
DA:17,3
DA:18,327
DA:20,3
DA:21,40
DA:23,40
DA:24,320
DA:25,228
DA:26,228
DA:27,195
DA:32,40
LF:12
LH:12
BRDA:18,0,0,327
BRDA:18,0,1,299
BRDA:18,0,2,268
BRDA:18,0,3,241
BRDA:24,1,0,228
BRDA:24,1,1,92
BRDA:26,2,0,195
BRDA:26,2,1,33
BRF:8
BRH:8
end_of_record
TN:
SF:src\core\Field.ts
FN:15,(anonymous_0)
FN:18,(anonymous_1)
FN:20,(anonymous_2)
FNF:3
FNH:3
FNDA:9,(anonymous_0)
FNDA:34,(anonymous_1)
FNDA:8,(anonymous_2)
DA:7,3
DA:15,3
DA:18,34
DA:20,3
DA:21,8
DA:22,2
DA:25,6
DA:26,6
DA:28,6
DA:30,6
DA:31,17
DA:32,111
DA:33,2
DA:35,109
DA:36,32
DA:37,32
DA:38,32
DA:40,109
DA:44,4
LF:19
LH:19
BRDA:17,0,0,8
BRDA:21,1,0,2
BRDA:21,1,1,6
BRDA:21,2,0,8
BRDA:21,2,1,7
BRDA:32,3,0,2
BRDA:32,3,1,109
BRDA:35,4,0,32
BRDA:35,4,1,77
BRF:9
BRH:9
end_of_record
